Determining if the pthread_create exist failed with the following output:
Change Dir: /home/edg-sandroom/catkin_ws/build/CMakeFiles/CMakeTmp

Run Build Command:"/usr/bin/make" "cmTC_93d5e/fast"
/usr/bin/make -f CMakeFiles/cmTC_93d5e.dir/build.make CMakeFiles/cmTC_93d5e.dir/build
make[1]: Entering directory '/home/edg-sandroom/catkin_ws/build/CMakeFiles/CMakeTmp'
Building C object CMakeFiles/cmTC_93d5e.dir/CheckSymbolExists.c.o
/usr/bin/cc    -o CMakeFiles/cmTC_93d5e.dir/CheckSymbolExists.c.o   -c /home/edg-sandroom/catkin_ws/build/CMakeFiles/CMakeTmp/CheckSymbolExists.c
Linking C executable cmTC_93d5e
/usr/bin/cmake -E cmake_link_script CMakeFiles/cmTC_93d5e.dir/link.txt --verbose=1
/usr/bin/cc      -rdynamic CMakeFiles/cmTC_93d5e.dir/CheckSymbolExists.c.o  -o cmTC_93d5e 
CMakeFiles/cmTC_93d5e.dir/CheckSymbolExists.c.o: In function `main':
CheckSymbolExists.c:(.text+0x1b): undefined reference to `pthread_create'
collect2: error: ld returned 1 exit status
CMakeFiles/cmTC_93d5e.dir/build.make:97: recipe for target 'cmTC_93d5e' failed
make[1]: *** [cmTC_93d5e] Error 1
make[1]: Leaving directory '/home/edg-sandroom/catkin_ws/build/CMakeFiles/CMakeTmp'
Makefile:126: recipe for target 'cmTC_93d5e/fast' failed
make: *** [cmTC_93d5e/fast] Error 2

File /home/edg-sandroom/catkin_ws/build/CMakeFiles/CMakeTmp/CheckSymbolExists.c:
/* */
#include <pthread.h>

int main(int argc, char** argv)
{
  (void)argv;
#ifndef pthread_create
  return ((int*)(&pthread_create))[argc];
#else
  (void)argc;
  return 0;
#endif
}

Determining if the function pthread_create exists in the pthreads failed with the following output:
Change Dir: /home/edg-sandroom/catkin_ws/build/CMakeFiles/CMakeTmp

Run Build Command:"/usr/bin/make" "cmTC_7ecfe/fast"
/usr/bin/make -f CMakeFiles/cmTC_7ecfe.dir/build.make CMakeFiles/cmTC_7ecfe.dir/build
make[1]: Entering directory '/home/edg-sandroom/catkin_ws/build/CMakeFiles/CMakeTmp'
Building C object CMakeFiles/cmTC_7ecfe.dir/CheckFunctionExists.c.o
/usr/bin/cc   -DCHECK_FUNCTION_EXISTS=pthread_create   -o CMakeFiles/cmTC_7ecfe.dir/CheckFunctionExists.c.o   -c /usr/share/cmake-3.10/Modules/CheckFunctionExists.c
Linking C executable cmTC_7ecfe
/usr/bin/cmake -E cmake_link_script CMakeFiles/cmTC_7ecfe.dir/link.txt --verbose=1
/usr/bin/cc  -DCHECK_FUNCTION_EXISTS=pthread_create    -rdynamic CMakeFiles/cmTC_7ecfe.dir/CheckFunctionExists.c.o  -o cmTC_7ecfe -lpthreads 
/usr/bin/ld: cannot find -lpthreads
collect2: error: ld returned 1 exit status
CMakeFiles/cmTC_7ecfe.dir/build.make:97: recipe for target 'cmTC_7ecfe' failed
make[1]: *** [cmTC_7ecfe] Error 1
make[1]: Leaving directory '/home/edg-sandroom/catkin_ws/build/CMakeFiles/CMakeTmp'
Makefile:126: recipe for target 'cmTC_7ecfe/fast' failed
make: *** [cmTC_7ecfe/fast] Error 2


